# JRE version: Java(TM) SE Runtime Environment (8.0_51-b16) (build 1.8.0_51-b16)
# Java VM: Java HotSpot(TM) 64-Bit Server VM (25.51-b03 mixed mode bsd-amd64 compressed oops)
Heap:
 PSYoungGen      total 43520K, used 30263K [0x00000007aab00000, 0x00000007aed00000, 0x00000007c0000000)
  eden space 36352K, 73% used [0x00000007aab00000,0x00000007ac4f0c48,0x00000007ace80000)
  from space 7168K, 51% used [0x00000007ace80000,0x00000007ad21d090,0x00000007ad580000)
  to   space 6656K, 0% used [0x00000007ae680000,0x00000007ae680000,0x00000007aed00000)
 ParOldGen       total 35328K, used 14057K [0x0000000780000000, 0x0000000782280000, 0x00000007aab00000)
  object space 35328K, 39% used [0x0000000780000000,0x0000000780dba708,0x0000000782280000)
 Metaspace       used 30512K, capacity 31097K, committed 31232K, reserved 1077248K
  class space    used 4173K, capacity 4345K, committed 4352K, reserved 1048576K
GC Heap History (10 events):
Event: 24.637 GC heap before
{Heap before GC invocations=10 (full 1):
 PSYoungGen      total 23040K, used 16379K [0x00000007aab00000, 0x00000007ac800000, 0x00000007c0000000)
  eden space 16384K, 99% used [0x00000007aab00000,0x00000007abafec58,0x00000007abb00000)
  from space 6656K, 0% used [0x00000007ac180000,0x00000007ac180000,0x00000007ac800000)
  to   space 6656K, 0% used [0x00000007abb00000,0x00000007abb00000,0x00000007ac180000)
 ParOldGen       total 35328K, used 11589K [0x0000000780000000, 0x0000000782280000, 0x00000007aab00000)
  object space 35328K, 32% used [0x0000000780000000,0x0000000780b516d8,0x0000000782280000)
 Metaspace       used 21788K, capacity 22265K, committed 22400K, reserved 1069056K
  class space    used 2991K, capacity 3113K, committed 3200K, reserved 1048576K
Event: 24.665 GC heap after
Heap after GC invocations=10 (full 1):
 PSYoungGen      total 23040K, used 1839K [0x00000007aab00000, 0x00000007ad000000, 0x00000007c0000000)
  eden space 16384K, 0% used [0x00000007aab00000,0x00000007aab00000,0x00000007abb00000)
  from space 6656K, 27% used [0x00000007abb00000,0x00000007abccbf10,0x00000007ac180000)
  to   space 6656K, 0% used [0x00000007ac980000,0x00000007ac980000,0x00000007ad000000)
 ParOldGen       total 35328K, used 11597K [0x0000000780000000, 0x0000000782280000, 0x00000007aab00000)
  object space 35328K, 32% used [0x0000000780000000,0x0000000780b536d8,0x0000000782280000)
 Metaspace       used 21788K, capacity 22265K, committed 22400K, reserved 1069056K
  class space    used 2991K, capacity 3113K, committed 3200K, reserved 1048576K
}
Event: 25.591 GC heap before
{Heap before GC invocations=11 (full 1):
 PSYoungGen      total 23040K, used 18223K [0x00000007aab00000, 0x00000007ad000000, 0x00000007c0000000)
  eden space 16384K, 100% used [0x00000007aab00000,0x00000007abb00000,0x00000007abb00000)
  from space 6656K, 27% used [0x00000007abb00000,0x00000007abccbf10,0x00000007ac180000)
  to   space 6656K, 0% used [0x00000007ac980000,0x00000007ac980000,0x00000007ad000000)
 ParOldGen       total 35328K, used 11597K [0x0000000780000000, 0x0000000782280000, 0x00000007aab00000)
  object space 35328K, 32% used [0x0000000780000000,0x0000000780b536d8,0x0000000782280000)
 Metaspace       used 23182K, capacity 23603K, committed 23808K, reserved 1069056K
  class space    used 3218K, capacity 3321K, committed 3328K, reserved 1048576K
Event: 25.598 GC heap after
Heap after GC invocations=11 (full 1):
 PSYoungGen      total 31232K, used 2773K [0x00000007aab00000, 0x00000007ad000000, 0x00000007c0000000)
  eden space 24576K, 0% used [0x00000007aab00000,0x00000007aab00000,0x00000007ac300000)
  from space 6656K, 41% used [0x00000007ac980000,0x00000007acc354c0,0x00000007ad000000)
  to   space 6656K, 0% used [0x00000007ac300000,0x00000007ac300000,0x00000007ac980000)
 ParOldGen       total 35328K, used 11605K [0x0000000780000000, 0x0000000782280000, 0x00000007aab00000)
  object space 35328K, 32% used [0x0000000780000000,0x0000000780b556d8,0x0000000782280000)
 Metaspace       used 23182K, capacity 23603K, committed 23808K, reserved 1069056K
  class space    used 3218K, capacity 3321K, committed 3328K, reserved 1048576K
}
Event: 26.465 GC heap before
{Heap before GC invocations=12 (full 1):
 PSYoungGen      total 31232K, used 27349K [0x00000007aab00000, 0x00000007ad000000, 0x00000007c0000000)
  eden space 24576K, 100% used [0x00000007aab00000,0x00000007ac300000,0x00000007ac300000)
  from space 6656K, 41% used [0x00000007ac980000,0x00000007acc354c0,0x00000007ad000000)
  to   space 6656K, 0% used [0x00000007ac300000,0x00000007ac300000,0x00000007ac980000)
 ParOldGen       total 35328K, used 11605K [0x0000000780000000, 0x0000000782280000, 0x00000007aab00000)
  object space 35328K, 32% used [0x0000000780000000,0x0000000780b556d8,0x0000000782280000)
 Metaspace       used 26271K, capacity 26713K, committed 26880K, reserved 1073152K
  class space    used 3604K, capacity 3738K, committed 3840K, reserved 1048576K
Event: 26.487 GC heap after
Heap after GC invocations=12 (full 1):
 PSYoungGen      total 31232K, used 2512K [0x00000007aab00000, 0x00000007adc00000, 0x00000007c0000000)
  eden space 24576K, 0% used [0x00000007aab00000,0x00000007aab00000,0x00000007ac300000)
  from space 6656K, 37% used [0x00000007ac300000,0x00000007ac574300,0x00000007ac980000)
  to   space 6656K, 0% used [0x00000007ad580000,0x00000007ad580000,0x00000007adc00000)
 ParOldGen       total 35328K, used 13137K [0x0000000780000000, 0x0000000782280000, 0x00000007aab00000)
  object space 35328K, 37% used [0x0000000780000000,0x0000000780cd46e8,0x0000000782280000)
 Metaspace       used 26271K, capacity 26713K, committed 26880K, reserved 1073152K
  class space    used 3604K, capacity 3738K, committed 3840K, reserved 1048576K
}
Event: 27.182 GC heap before
{Heap before GC invocations=13 (full 1):
 PSYoungGen      total 31232K, used 27088K [0x00000007aab00000, 0x00000007adc00000, 0x00000007c0000000)
  eden space 24576K, 100% used [0x00000007aab00000,0x00000007ac300000,0x00000007ac300000)
  from space 6656K, 37% used [0x00000007ac300000,0x00000007ac574300,0x00000007ac980000)
  to   space 6656K, 0% used [0x00000007ad580000,0x00000007ad580000,0x00000007adc00000)
 ParOldGen       total 35328K, used 13137K [0x0000000780000000, 0x0000000782280000, 0x00000007aab00000)
  object space 35328K, 37% used [0x0000000780000000,0x0000000780cd46e8,0x0000000782280000)
 Metaspace       used 26477K, capacity 26923K, committed 27136K, reserved 1073152K
  class space    used 3608K, capacity 3741K, committed 3840K, reserved 1048576K
Event: 27.192 GC heap after
Heap after GC invocations=13 (full 1):
 PSYoungGen      total 43008K, used 832K [0x00000007aab00000, 0x00000007add00000, 0x00000007c0000000)
  eden space 36352K, 0% used [0x00000007aab00000,0x00000007aab00000,0x00000007ace80000)
  from space 6656K, 12% used [0x00000007ad580000,0x00000007ad650000,0x00000007adc00000)
  to   space 7168K, 0% used [0x00000007ace80000,0x00000007ace80000,0x00000007ad580000)
 ParOldGen       total 35328K, used 13697K [0x0000000780000000, 0x0000000782280000, 0x00000007aab00000)
  object space 35328K, 38% used [0x0000000780000000,0x0000000780d60708,0x0000000782280000)
 Metaspace       used 26477K, capacity 26923K, committed 27136K, reserved 1073152K
  class space    used 3608K, capacity 3741K, committed 3840K, reserved 1048576K
}
Event: 28.423 GC heap before
{Heap before GC invocations=14 (full 1):
 PSYoungGen      total 43008K, used 37184K [0x00000007aab00000, 0x00000007add00000, 0x00000007c0000000)
  eden space 36352K, 100% used [0x00000007aab00000,0x00000007ace80000,0x00000007ace80000)
  from space 6656K, 12% used [0x00000007ad580000,0x00000007ad650000,0x00000007adc00000)
  to   space 7168K, 0% used [0x00000007ace80000,0x00000007ace80000,0x00000007ad580000)
 ParOldGen       total 35328K, used 13697K [0x0000000780000000, 0x0000000782280000, 0x00000007aab00000)
  object space 35328K, 38% used [0x0000000780000000,0x0000000780d60708,0x0000000782280000)
 Metaspace       used 28159K, capacity 28615K, committed 28800K, reserved 1075200K
  class space    used 3799K, capacity 3925K, committed 3968K, reserved 1048576K
Event: 28.434 GC heap after
Heap after GC invocations=14 (full 1):
 PSYoungGen      total 43520K, used 3700K [0x00000007aab00000, 0x00000007aed00000, 0x00000007c0000000)
  eden space 36352K, 0% used [0x00000007aab00000,0x00000007aab00000,0x00000007ace80000)
  from space 7168K, 51% used [0x00000007ace80000,0x00000007ad21d090,0x00000007ad580000)
  to   space 6656K, 0% used [0x00000007ae680000,0x00000007ae680000,0x00000007aed00000)
 ParOldGen       total 35328K, used 14057K [0x0000000780000000, 0x0000000782280000, 0x00000007aab00000)
  object space 35328K, 39% used [0x0000000780000000,0x0000000780dba708,0x0000000782280000)
 Metaspace       used 28159K, capacity 28615K, committed 28800K, reserved 1075200K
  class space    used 3799K, capacity 3925K, committed 3968K, reserved 1048576K
}

